Archive Project report for lab_3s
Mon Dec 05 18:14:35 2024
Quartus Prime Version 18.1.0 Build 625 09/12/2024 SJ Lite Edition


---------------------
; Table of Contents ;
---------------------
  1. Legal Notice
  2. Archive Project Summary
  3. Archive Project Messages
  4. Files Archived



----------------
; Legal Notice ;
----------------
Copyright (C) 2024  Intel Corporation. All rights reserved.
Your use of Intel Corporation's design tools, logic functions 
and other software and tools, and its AMPP partner logic 
functions, and any output files from any of the foregoing 
(including device programming or simulation files), and any 
associated documentation or information are expressly subject 
to the terms and conditions of the Intel Program License 
Subscription Agreement, the Intel Quartus Prime License Agreement,
the Intel FPGA IP License Agreement, or other applicable license
agreement, including, without limitation, that your use is for
the sole purpose of programming logic devices manufactured by
Intel and sold by Intel or its authorized distributors.  Please
refer to the applicable agreement for further details.



+----------------------------------------------------------------+
; Archive Project Summary                                        ;
+------------------------+---------------------------------------+
; Archive Project Status ; Successful - Mon Dec 05 18:14:35 2024 ;
; Revision Name          ; lab_3s                                ;
; Top-level Entity Name  ; lab_3s                                ;
; Family                 ; Cyclone IV E                          ;
+------------------------+---------------------------------------+


+--------------------------+
; Archive Project Messages ;
+--------------------------+
Info: File Set 'Source control' contains:
    Info: Project source and settings files
    Info: Automatically detected source files
Warning: Hierarchical Platform Designer systems and custom IP components(_hw.tcl and associated files) are not archived by the Quartus Archiver
Info: Archive will store files relative to the closest common parent directory
Info (13213): Using common directory C:/intelFPGA_lite/18.1/Verilog_SV/
Info: ----------------------------------------------------------
Info: ----------------------------------------------------------
Info: Generated archive 'C:/intelFPGA_lite/18.1/Verilog_SV/lab_3s/lab_3s.qar'
Info: ----------------------------------------------------------
Info: ----------------------------------------------------------
Info: Generated report 'lab_3s.archive.rpt'
Info (23030): Evaluation of Tcl script c:/intelfpga_lite/18.1/quartus/common/tcl/apps/qpm/qar.tcl was successful
Info: Quartus Prime Shell was successful. 0 errors, 1 warning
    Info: Peak virtual memory: 4822 megabytes
    Info: Processing ended: Mon Dec 05 18:14:35 2024
    Info: Elapsed time: 00:00:01
    Info: Total CPU time (on all processors): 00:00:01


+--------------------------------------------------------------+
; Files Archived                                               ;
+--------------------------------------------------------------+
; File Name                                                    ;
+--------------------------------------------------------------+
; c:/intelfpga_lite/18.1/quartus/bin64/assignment_defaults.qdf ;
; c:/intelfpga_lite/18.1/verilog_sv/lab_1s/cnt_div.sv          ;
; c:/intelfpga_lite/18.1/verilog_sv/lab_1s/rst_reg.sv          ;
; c:/intelfpga_lite/18.1/verilog_sv/lab_2s/b2ss.sv             ;
; c:/intelfpga_lite/18.1/verilog_sv/lab_2s/d_rg.sv             ;
; c:/intelfpga_lite/18.1/verilog_sv/lab_2s/dig_rg.sv           ;
; c:/intelfpga_lite/18.1/verilog_sv/lab_2s/fsm.sv              ;
; c:/intelfpga_lite/18.1/verilog_sv/lab_2s/mux.sv              ;
; c:/intelfpga_lite/18.1/verilog_sv/lab_2s/ss_cntr.sv          ;
; c:/intelfpga_lite/18.1/verilog_sv/lab_2s/ss_rg.sv            ;
; c:/intelfpga_lite/18.1/verilog_sv/lab_3s/b2bd_sr/b2bd_sr.sv  ;
; lab_3s.qpf                                                   ;
; lab_3s.qsf                                                   ;
; lab_3s.sv                                                    ;
+--------------------------------------------------------------+


