Analysis & Synthesis report for lab_3s
Mon Apr 22 23:21:42 2024
Quartus Prime Version 16.1.0 Build 196 10/24/2016 SJ Lite Edition


---------------------
; Table of Contents ;
---------------------
  1. Legal Notice
  2. Analysis & Synthesis Summary
  3. Analysis & Synthesis Settings
  4. Parallel Compilation
  5. Analysis & Synthesis Source Files Read
  6. Analysis & Synthesis Resource Usage Summary
  7. Analysis & Synthesis Resource Utilization by Entity
  8. State Machine - |lab_3s|ss_cntr:ss_cntr|FSM:fsm|state
  9. Registers Removed During Synthesis
 10. Removed Registers Triggering Further Register Optimizations
 11. General Register Statistics
 12. Inverted Register Statistics
 13. Multiplexer Restructuring Statistics (Restructuring Performed)
 14. Parameter Settings for User Entity Instance: ss_cntr:ss_cntr
 15. Parameter Settings for User Entity Instance: ss_cntr:ss_cntr|cnt_div:counter_div
 16. Parameter Settings for User Entity Instance: ss_cntr:ss_cntr|FSM:fsm
 17. Parameter Settings for User Entity Instance: ss_cntr:ss_cntr|MUX:mux2
 18. Port Connectivity Checks: "ss_cntr:ss_cntr"
 19. Post-Synthesis Netlist Statistics for Top Partition
 20. Elapsed Time Per Partition
 21. Analysis & Synthesis Messages
 22. Analysis & Synthesis Suppressed Messages



----------------
; Legal Notice ;
----------------
Copyright (C) 2016  Intel Corporation. All rights reserved.
Your use of Intel Corporation's design tools, logic functions 
and other software and tools, and its AMPP partner logic 
functions, and any output files from any of the foregoing 
(including device programming or simulation files), and any 
associated documentation or information are expressly subject 
to the terms and conditions of the Intel Program License 
Subscription Agreement, the Intel Quartus Prime License Agreement,
the Intel MegaCore Function License Agreement, or other 
applicable license agreement, including, without limitation, 
that your use is for the sole purpose of programming logic 
devices manufactured by Intel and sold by Intel or its 
authorized distributors.  Please refer to the applicable 
agreement for further details.



+----------------------------------------------------------------------------------+
; Analysis & Synthesis Summary                                                     ;
+------------------------------------+---------------------------------------------+
; Analysis & Synthesis Status        ; Successful - Mon Apr 22 23:21:42 2024       ;
; Quartus Prime Version              ; 16.1.0 Build 196 10/24/2016 SJ Lite Edition ;
; Revision Name                      ; lab_3s                                      ;
; Top-level Entity Name              ; lab_3s                                      ;
; Family                             ; Cyclone IV E                                ;
; Total logic elements               ; 128                                         ;
;     Total combinational functions  ; 99                                          ;
;     Dedicated logic registers      ; 102                                         ;
; Total registers                    ; 102                                         ;
; Total pins                         ; 20                                          ;
; Total virtual pins                 ; 0                                           ;
; Total memory bits                  ; 0                                           ;
; Embedded Multiplier 9-bit elements ; 0                                           ;
; Total PLLs                         ; 0                                           ;
+------------------------------------+---------------------------------------------+


+----------------------------------------------------------------------------------------------------------------------+
; Analysis & Synthesis Settings                                                                                        ;
+----------------------------------------------------------------------------+--------------------+--------------------+
; Option                                                                     ; Setting            ; Default Value      ;
+----------------------------------------------------------------------------+--------------------+--------------------+
; Device                                                                     ; EP4CE6E22C8        ;                    ;
; Top-level entity name                                                      ; lab_3s             ; lab_3s             ;
; Family name                                                                ; Cyclone IV E       ; Cyclone V          ;
; Use smart compilation                                                      ; Off                ; Off                ;
; Enable parallel Assembler and TimeQuest Timing Analyzer during compilation ; On                 ; On                 ;
; Enable compact report table                                                ; Off                ; Off                ;
; Restructure Multiplexers                                                   ; Auto               ; Auto               ;
; Create Debugging Nodes for IP Cores                                        ; Off                ; Off                ;
; Preserve fewer node names                                                  ; On                 ; On                 ;
; OpenCore Plus hardware evaluation                                          ; Enable             ; Enable             ;
; Verilog Version                                                            ; Verilog_2001       ; Verilog_2001       ;
; VHDL Version                                                               ; VHDL_1993          ; VHDL_1993          ;
; State Machine Processing                                                   ; Auto               ; Auto               ;
; Safe State Machine                                                         ; Off                ; Off                ;
; Extract Verilog State Machines                                             ; On                 ; On                 ;
; Extract VHDL State Machines                                                ; On                 ; On                 ;
; Ignore Verilog initial constructs                                          ; Off                ; Off                ;
; Iteration limit for constant Verilog loops                                 ; 5000               ; 5000               ;
; Iteration limit for non-constant Verilog loops                             ; 250                ; 250                ;
; Add Pass-Through Logic to Inferred RAMs                                    ; On                 ; On                 ;
; Infer RAMs from Raw Logic                                                  ; On                 ; On                 ;
; Parallel Synthesis                                                         ; On                 ; On                 ;
; DSP Block Balancing                                                        ; Auto               ; Auto               ;
; NOT Gate Push-Back                                                         ; On                 ; On                 ;
; Power-Up Don't Care                                                        ; On                 ; On                 ;
; Remove Redundant Logic Cells                                               ; Off                ; Off                ;
; Remove Duplicate Registers                                                 ; On                 ; On                 ;
; Ignore CARRY Buffers                                                       ; Off                ; Off                ;
; Ignore CASCADE Buffers                                                     ; Off                ; Off                ;
; Ignore GLOBAL Buffers                                                      ; Off                ; Off                ;
; Ignore ROW GLOBAL Buffers                                                  ; Off                ; Off                ;
; Ignore LCELL Buffers                                                       ; Off                ; Off                ;
; Ignore SOFT Buffers                                                        ; On                 ; On                 ;
; Limit AHDL Integers to 32 Bits                                             ; Off                ; Off                ;
; Optimization Technique                                                     ; Balanced           ; Balanced           ;
; Carry Chain Length                                                         ; 70                 ; 70                 ;
; Auto Carry Chains                                                          ; On                 ; On                 ;
; Auto Open-Drain Pins                                                       ; On                 ; On                 ;
; Perform WYSIWYG Primitive Resynthesis                                      ; Off                ; Off                ;
; Auto ROM Replacement                                                       ; On                 ; On                 ;
; Auto RAM Replacement                                                       ; On                 ; On                 ;
; Auto DSP Block Replacement                                                 ; On                 ; On                 ;
; Auto Shift Register Replacement                                            ; Auto               ; Auto               ;
; Allow Shift Register Merging across Hierarchies                            ; Auto               ; Auto               ;
; Auto Clock Enable Replacement                                              ; On                 ; On                 ;
; Strict RAM Replacement                                                     ; Off                ; Off                ;
; Allow Synchronous Control Signals                                          ; On                 ; On                 ;
; Force Use of Synchronous Clear Signals                                     ; Off                ; Off                ;
; Auto RAM Block Balancing                                                   ; On                 ; On                 ;
; Auto RAM to Logic Cell Conversion                                          ; Off                ; Off                ;
; Auto Resource Sharing                                                      ; Off                ; Off                ;
; Allow Any RAM Size For Recognition                                         ; Off                ; Off                ;
; Allow Any ROM Size For Recognition                                         ; Off                ; Off                ;
; Allow Any Shift Register Size For Recognition                              ; Off                ; Off                ;
; Use LogicLock Constraints during Resource Balancing                        ; On                 ; On                 ;
; Ignore translate_off and synthesis_off directives                          ; Off                ; Off                ;
; Timing-Driven Synthesis                                                    ; On                 ; On                 ;
; Report Parameter Settings                                                  ; On                 ; On                 ;
; Report Source Assignments                                                  ; On                 ; On                 ;
; Report Connectivity Checks                                                 ; On                 ; On                 ;
; Ignore Maximum Fan-Out Assignments                                         ; Off                ; Off                ;
; Synchronization Register Chain Length                                      ; 2                  ; 2                  ;
; PowerPlay Power Optimization During Synthesis                              ; Normal compilation ; Normal compilation ;
; HDL message level                                                          ; Level2             ; Level2             ;
; Suppress Register Optimization Related Messages                            ; Off                ; Off                ;
; Number of Removed Registers Reported in Synthesis Report                   ; 5000               ; 5000               ;
; Number of Swept Nodes Reported in Synthesis Report                         ; 5000               ; 5000               ;
; Number of Inverted Registers Reported in Synthesis Report                  ; 100                ; 100                ;
; Clock MUX Protection                                                       ; On                 ; On                 ;
; Auto Gated Clock Conversion                                                ; Off                ; Off                ;
; Block Design Naming                                                        ; Auto               ; Auto               ;
; SDC constraint protection                                                  ; Off                ; Off                ;
; Synthesis Effort                                                           ; Auto               ; Auto               ;
; Shift Register Replacement - Allow Asynchronous Clear Signal               ; On                 ; On                 ;
; Pre-Mapping Resynthesis Optimization                                       ; Off                ; Off                ;
; Analysis & Synthesis Message Level                                         ; Medium             ; Medium             ;
; Disable Register Merging Across Hierarchies                                ; Auto               ; Auto               ;
; Resource Aware Inference For Block RAM                                     ; On                 ; On                 ;
+----------------------------------------------------------------------------+--------------------+--------------------+


+------------------------------------------+
; Parallel Compilation                     ;
+----------------------------+-------------+
; Processors                 ; Number      ;
+----------------------------+-------------+
; Number detected on machine ; 12          ;
; Maximum allowed            ; 12          ;
;                            ;             ;
; Average used               ; 1.00        ;
; Maximum used               ; 12          ;
;                            ;             ;
; Usage by Processor         ; % Time Used ;
;     Processor 1            ; 100.0%      ;
;     Processors 2-12        ;   0.0%      ;
+----------------------------+-------------+


+--------------------------------------------------------------------------------------------------------------------------------------------------+
; Analysis & Synthesis Source Files Read                                                                                                           ;
+----------------------------------+-----------------+------------------------------------+----------------------------------------------+---------+
; File Name with User-Entered Path ; Used in Netlist ; File Type                          ; File Name with Absolute Path                 ; Library ;
+----------------------------------+-----------------+------------------------------------+----------------------------------------------+---------+
; ss_rg.sv                         ; yes             ; User SystemVerilog HDL File        ; C:/Users/Dima/Desktop/CR_1/lab_3s/ss_rg.sv   ;         ;
; ss_cntr.sv                       ; yes             ; User SystemVerilog HDL File        ; C:/Users/Dima/Desktop/CR_1/lab_3s/ss_cntr.sv ;         ;
; MUX.sv                           ; yes             ; User SystemVerilog HDL File        ; C:/Users/Dima/Desktop/CR_1/lab_3s/MUX.sv     ;         ;
; FSM.sv                           ; yes             ; User SystemVerilog HDL File        ; C:/Users/Dima/Desktop/CR_1/lab_3s/FSM.sv     ;         ;
; dig_rg.sv                        ; yes             ; User SystemVerilog HDL File        ; C:/Users/Dima/Desktop/CR_1/lab_3s/dig_rg.sv  ;         ;
; d_rg.sv                          ; yes             ; User SystemVerilog HDL File        ; C:/Users/Dima/Desktop/CR_1/lab_3s/d_rg.sv    ;         ;
; b2ss.sv                          ; yes             ; User SystemVerilog HDL File        ; C:/Users/Dima/Desktop/CR_1/lab_3s/b2ss.sv    ;         ;
; b2bd_SR.sv                       ; yes             ; User SystemVerilog HDL File        ; C:/Users/Dima/Desktop/CR_1/lab_3s/b2bd_SR.sv ;         ;
; lab_3s.sv                        ; yes             ; User SystemVerilog HDL File        ; C:/Users/Dima/Desktop/CR_1/lab_3s/lab_3s.sv  ;         ;
; rst_reg.sv                       ; yes             ; Auto-Found SystemVerilog HDL File  ; C:/Users/Dima/Desktop/CR_1/lab_3s/rst_reg.sv ;         ;
; cnt_div.sv                       ; yes             ; Auto-Found SystemVerilog HDL File  ; C:/Users/Dima/Desktop/CR_1/lab_3s/cnt_div.sv ;         ;
+----------------------------------+-----------------+------------------------------------+----------------------------------------------+---------+


+---------------------------------------------------------+
; Analysis & Synthesis Resource Usage Summary             ;
+---------------------------------------------+-----------+
; Resource                                    ; Usage     ;
+---------------------------------------------+-----------+
; Estimated Total logic elements              ; 128       ;
;                                             ;           ;
; Total combinational functions               ; 99        ;
; Logic element usage by number of LUT inputs ;           ;
;     -- 4 input functions                    ; 42        ;
;     -- 3 input functions                    ; 7         ;
;     -- <=2 input functions                  ; 50        ;
;                                             ;           ;
; Logic elements by mode                      ;           ;
;     -- normal mode                          ; 68        ;
;     -- arithmetic mode                      ; 31        ;
;                                             ;           ;
; Total registers                             ; 102       ;
;     -- Dedicated logic registers            ; 102       ;
;     -- I/O registers                        ; 0         ;
;                                             ;           ;
; I/O pins                                    ; 20        ;
;                                             ;           ;
; Embedded Multiplier 9-bit elements          ; 0         ;
;                                             ;           ;
; Maximum fan-out node                        ; clk~input ;
; Maximum fan-out                             ; 102       ;
; Total fan-out                               ; 548       ;
; Average fan-out                             ; 2.27      ;
+---------------------------------------------+-----------+


+-----------------------------------------------------------------------------------------------------------------------------------------------------------------------------------------------------------------------------------+
; Analysis & Synthesis Resource Utilization by Entity                                                                                                                                                                               ;
+-----------------------------+---------------------+---------------------------+-------------+--------------+---------+-----------+------+--------------+---------------------------------------------+-------------+--------------+
; Compilation Hierarchy Node  ; Combinational ALUTs ; Dedicated Logic Registers ; Memory Bits ; DSP Elements ; DSP 9x9 ; DSP 18x18 ; Pins ; Virtual Pins ; Full Hierarchy Name                         ; Entity Name ; Library Name ;
+-----------------------------+---------------------+---------------------------+-------------+--------------+---------+-----------+------+--------------+---------------------------------------------+-------------+--------------+
; |lab_3s                     ; 99 (0)              ; 102 (0)                   ; 0           ; 0            ; 0       ; 0         ; 20   ; 0            ; |lab_3s                                     ; lab_3s      ; work         ;
;    |b2bd_SR:UTT_SR|         ; 30 (30)             ; 41 (41)                   ; 0           ; 0            ; 0       ; 0         ; 0    ; 0            ; |lab_3s|b2bd_SR:UTT_SR                      ; b2bd_SR     ; work         ;
;    |ss_cntr:ss_cntr|        ; 69 (0)              ; 61 (0)                    ; 0           ; 0            ; 0       ; 0         ; 0    ; 0            ; |lab_3s|ss_cntr:ss_cntr                     ; ss_cntr     ; work         ;
;       |FSM:fsm|             ; 4 (4)               ; 4 (4)                     ; 0           ; 0            ; 0       ; 0         ; 0    ; 0            ; |lab_3s|ss_cntr:ss_cntr|FSM:fsm             ; FSM         ; work         ;
;       |MUX:mux2|            ; 8 (8)               ; 0 (0)                     ; 0           ; 0            ; 0       ; 0         ; 0    ; 0            ; |lab_3s|ss_cntr:ss_cntr|MUX:mux2            ; MUX         ; work         ;
;       |b2ss:binTo7Seg|      ; 7 (7)               ; 0 (0)                     ; 0           ; 0            ; 0       ; 0         ; 0    ; 0            ; |lab_3s|ss_cntr:ss_cntr|b2ss:binTo7Seg      ; b2ss        ; work         ;
;       |cnt_div:counter_div| ; 44 (44)             ; 33 (33)                   ; 0           ; 0            ; 0       ; 0         ; 0    ; 0            ; |lab_3s|ss_cntr:ss_cntr|cnt_div:counter_div ; cnt_div     ; work         ;
;       |d_rg:data_reg|       ; 5 (5)               ; 13 (13)                   ; 0           ; 0            ; 0       ; 0         ; 0    ; 0            ; |lab_3s|ss_cntr:ss_cntr|d_rg:data_reg       ; d_rg        ; work         ;
;       |dig_rg:dig_reg|      ; 1 (1)               ; 4 (4)                     ; 0           ; 0            ; 0       ; 0         ; 0    ; 0            ; |lab_3s|ss_cntr:ss_cntr|dig_rg:dig_reg      ; dig_rg      ; work         ;
;       |ss_rg:seg_reg|       ; 0 (0)               ; 7 (7)                     ; 0           ; 0            ; 0       ; 0         ; 0    ; 0            ; |lab_3s|ss_cntr:ss_cntr|ss_rg:seg_reg       ; ss_rg       ; work         ;
+-----------------------------+---------------------+---------------------------+-------------+--------------+---------+-----------+------+--------------+---------------------------------------------+-------------+--------------+
Note: For table entries with two numbers listed, the numbers in parentheses indicate the number of resources of the given type used by the specific entity alone. The numbers listed outside of parentheses indicate the total resources of the given type used by the specific entity and all of its sub-entities in the hierarchy.


Encoding Type:  One-Hot
+-------------------------------------------------------+
; State Machine - |lab_3s|ss_cntr:ss_cntr|FSM:fsm|state ;
+----------+----------+----------+----------+-----------+
; Name     ; state.s3 ; state.s2 ; state.s1 ; state.s0  ;
+----------+----------+----------+----------+-----------+
; state.s0 ; 0        ; 0        ; 0        ; 0         ;
; state.s1 ; 0        ; 0        ; 1        ; 1         ;
; state.s2 ; 0        ; 1        ; 0        ; 1         ;
; state.s3 ; 1        ; 0        ; 0        ; 1         ;
+----------+----------+----------+----------+-----------+


+--------------------------------------------------------------------------------------------+
; Registers Removed During Synthesis                                                         ;
+------------------------------------------+-------------------------------------------------+
; Register name                            ; Reason for Removal                              ;
+------------------------------------------+-------------------------------------------------+
; ss_cntr:ss_cntr|rst_reg:reset_rg|rst     ; Stuck at VCC due to stuck port data_in          ;
; ss_cntr:ss_cntr|rst_reg:reset_rg|rst_n_i ; Stuck at VCC due to stuck port data_in          ;
; ss_cntr:ss_cntr|d_rg:data_reg|Ai[3]      ; Merged with ss_cntr:ss_cntr|d_rg:data_reg|Ai[2] ;
; ss_cntr:ss_cntr|d_rg:data_reg|Ai[2]      ; Merged with ss_cntr:ss_cntr|d_rg:data_reg|Ai[1] ;
; ss_cntr:ss_cntr|d_rg:data_reg|Ai[1]      ; Merged with ss_cntr:ss_cntr|d_rg:data_reg|Ai[0] ;
; ss_cntr:ss_cntr|FSM:fsm|state~4          ; Lost fanout                                     ;
; ss_cntr:ss_cntr|FSM:fsm|state~5          ; Lost fanout                                     ;
; b2bd_SR:UTT_SR|cnt_t[3]                  ; Stuck at GND due to stuck port data_in          ;
; Total Number of Removed Registers = 8    ;                                                 ;
+------------------------------------------+-------------------------------------------------+


+-------------------------------------------------------------------------------------------------------------+
; Removed Registers Triggering Further Register Optimizations                                                 ;
+--------------------------------------+---------------------------+------------------------------------------+
; Register name                        ; Reason for Removal        ; Registers Removed due to This Register   ;
+--------------------------------------+---------------------------+------------------------------------------+
; ss_cntr:ss_cntr|rst_reg:reset_rg|rst ; Stuck at VCC              ; ss_cntr:ss_cntr|rst_reg:reset_rg|rst_n_i ;
;                                      ; due to stuck port data_in ;                                          ;
+--------------------------------------+---------------------------+------------------------------------------+


+------------------------------------------------------+
; General Register Statistics                          ;
+----------------------------------------------+-------+
; Statistic                                    ; Value ;
+----------------------------------------------+-------+
; Total registers                              ; 102   ;
; Number of registers using Synchronous Clear  ; 8     ;
; Number of registers using Synchronous Load   ; 2     ;
; Number of registers using Asynchronous Clear ; 0     ;
; Number of registers using Asynchronous Load  ; 0     ;
; Number of registers using Clock Enable       ; 23    ;
; Number of registers using Preset             ; 0     ;
+----------------------------------------------+-------+


+--------------------------------------------------+
; Inverted Register Statistics                     ;
+----------------------------------------+---------+
; Inverted Register                      ; Fan out ;
+----------------------------------------+---------+
; ss_cntr:ss_cntr|d_rg:data_reg|Ci[0]    ; 1       ;
; ss_cntr:ss_cntr|d_rg:data_reg|Ai[0]    ; 4       ;
; ss_cntr:ss_cntr|d_rg:data_reg|Bi[0]    ; 1       ;
; ss_cntr:ss_cntr|d_rg:data_reg|Ci[1]    ; 1       ;
; ss_cntr:ss_cntr|d_rg:data_reg|Bi[1]    ; 1       ;
; ss_cntr:ss_cntr|d_rg:data_reg|Bi[2]    ; 1       ;
; b2bd_SR:UTT_SR|cnt_t[2]                ; 4       ;
; b2bd_SR:UTT_SR|cnt_t[0]                ; 4       ;
; b2bd_SR:UTT_SR|cnt_t[1]                ; 4       ;
; Total number of inverted registers = 9 ;         ;
+----------------------------------------+---------+


+-----------------------------------------------------------------------------------------------------------------------------------------------------+
; Multiplexer Restructuring Statistics (Restructuring Performed)                                                                                      ;
+--------------------+-----------+---------------+----------------------+------------------------+------------+---------------------------------------+
; Multiplexer Inputs ; Bus Width ; Baseline Area ; Area if Restructured ; Saving if Restructured ; Registered ; Example Multiplexer Output            ;
+--------------------+-----------+---------------+----------------------+------------------------+------------+---------------------------------------+
; 3:1                ; 4 bits    ; 8 LEs         ; 4 LEs                ; 4 LEs                  ; Yes        ; |lab_3s|b2bd_SR:UTT_SR|rg_hdr[2]      ;
; 3:1                ; 7 bits    ; 14 LEs        ; 7 LEs                ; 7 LEs                  ; Yes        ; |lab_3s|b2bd_SR:UTT_SR|shrg_bc[7]     ;
; 4:1                ; 4 bits    ; 8 LEs         ; 8 LEs                ; 0 LEs                  ; Yes        ; |lab_3s|b2bd_SR:UTT_SR|rg_unit[3]     ;
; 4:1                ; 4 bits    ; 8 LEs         ; 8 LEs                ; 0 LEs                  ; Yes        ; |lab_3s|b2bd_SR:UTT_SR|rg_dec[3]      ;
; 3:1                ; 3 bits    ; 6 LEs         ; 3 LEs                ; 3 LEs                  ; Yes        ; |lab_3s|b2bd_SR:UTT_SR|cnt_t[1]       ;
; 4:1                ; 4 bits    ; 8 LEs         ; 8 LEs                ; 0 LEs                  ; No         ; |lab_3s|ss_cntr:ss_cntr|MUX:mux2|Mux0 ;
+--------------------+-----------+---------------+----------------------+------------------------+------------+---------------------------------------+


+--------------------------------------------------------------+
; Parameter Settings for User Entity Instance: ss_cntr:ss_cntr ;
+----------------+-------+-------------------------------------+
; Parameter Name ; Value ; Type                                ;
+----------------+-------+-------------------------------------+
; cm             ; 2     ; Signed Integer                      ;
+----------------+-------+-------------------------------------+
Note: In order to hide this table in the UI and the text report file, please set the "Show Parameter Settings in Synthesis Report" option in "Analysis and Synthesis Settings -> More Settings" to "Off".


+----------------------------------------------------------------------------------+
; Parameter Settings for User Entity Instance: ss_cntr:ss_cntr|cnt_div:counter_div ;
+----------------+-------+---------------------------------------------------------+
; Parameter Name ; Value ; Type                                                    ;
+----------------+-------+---------------------------------------------------------+
; cm             ; 2     ; Signed Integer                                          ;
+----------------+-------+---------------------------------------------------------+
Note: In order to hide this table in the UI and the text report file, please set the "Show Parameter Settings in Synthesis Report" option in "Analysis and Synthesis Settings -> More Settings" to "Off".


+----------------------------------------------------------------------+
; Parameter Settings for User Entity Instance: ss_cntr:ss_cntr|FSM:fsm ;
+----------------+-------+---------------------------------------------+
; Parameter Name ; Value ; Type                                        ;
+----------------+-------+---------------------------------------------+
; s0             ; 0     ; Signed Integer                              ;
; s1             ; 1     ; Signed Integer                              ;
; s2             ; 2     ; Signed Integer                              ;
; s3             ; 3     ; Signed Integer                              ;
+----------------+-------+---------------------------------------------+
Note: In order to hide this table in the UI and the text report file, please set the "Show Parameter Settings in Synthesis Report" option in "Analysis and Synthesis Settings -> More Settings" to "Off".


+-----------------------------------------------------------------------+
; Parameter Settings for User Entity Instance: ss_cntr:ss_cntr|MUX:mux2 ;
+----------------+-------+----------------------------------------------+
; Parameter Name ; Value ; Type                                         ;
+----------------+-------+----------------------------------------------+
; w              ; 4     ; Signed Integer                               ;
+----------------+-------+----------------------------------------------+
Note: In order to hide this table in the UI and the text report file, please set the "Show Parameter Settings in Synthesis Report" option in "Analysis and Synthesis Settings -> More Settings" to "Off".


+---------------------------------------------+
; Port Connectivity Checks: "ss_cntr:ss_cntr" ;
+-------+-------+----------+------------------+
; Port  ; Type  ; Severity ; Details          ;
+-------+-------+----------+------------------+
; rst_n ; Input ; Info     ; Stuck at VCC     ;
; A     ; Input ; Info     ; Stuck at GND     ;
+-------+-------+----------+------------------+


+-----------------------------------------------------+
; Post-Synthesis Netlist Statistics for Top Partition ;
+-----------------------+-----------------------------+
; Type                  ; Count                       ;
+-----------------------+-----------------------------+
; boundary_port         ; 20                          ;
; cycloneiii_ff         ; 102                         ;
;     ENA               ; 15                          ;
;     ENA SCLR          ; 8                           ;
;     SLD               ; 2                           ;
;     plain             ; 77                          ;
; cycloneiii_lcell_comb ; 99                          ;
;     arith             ; 31                          ;
;         2 data inputs ; 31                          ;
;     normal            ; 68                          ;
;         1 data inputs ; 9                           ;
;         2 data inputs ; 10                          ;
;         3 data inputs ; 7                           ;
;         4 data inputs ; 42                          ;
;                       ;                             ;
; Max LUT depth         ; 4.10                        ;
; Average LUT depth     ; 2.43                        ;
+-----------------------+-----------------------------+


+-------------------------------+
; Elapsed Time Per Partition    ;
+----------------+--------------+
; Partition Name ; Elapsed Time ;
+----------------+--------------+
; Top            ; 00:00:00     ;
+----------------+--------------+


+-------------------------------+
; Analysis & Synthesis Messages ;
+-------------------------------+
Info: *******************************************************************
Info: Running Quartus Prime Analysis & Synthesis
    Info: Version 16.1.0 Build 196 10/24/2016 SJ Lite Edition
    Info: Processing started: Mon Apr 22 23:21:28 2024
Info: Command: quartus_map --read_settings_files=on --write_settings_files=off lab_3s -c lab_3s
Warning (18236): Number of processors has not been specified which may cause overloading on shared machines.  Set the global assignment NUM_PARALLEL_PROCESSORS in your QSF to an appropriate value for best performance.
Info (20030): Parallel compilation is enabled and will use 12 of the 12 processors detected
Info (12024): Found 1 design units, including 1 entities, in source file ss_rg.sv
    Info (12024): Found entity 1: ss_rg File: C:/Users/Dima/Desktop/CR_1/lab_3s/ss_rg.sv Line: 1
Info (12024): Found 1 design units, including 1 entities, in source file ss_cntr.sv
    Info (12024): Found entity 1: ss_cntr File: C:/Users/Dima/Desktop/CR_1/lab_3s/ss_cntr.sv Line: 1
Warning (12090): Entity "MUX" obtained from "MUX.sv" instead of from Quartus Prime megafunction library File: C:/Users/Dima/Desktop/CR_1/lab_3s/MUX.sv Line: 1
Info (12024): Found 1 design units, including 1 entities, in source file mux.sv
    Info (12024): Found entity 1: MUX File: C:/Users/Dima/Desktop/CR_1/lab_3s/MUX.sv Line: 1
Info (12024): Found 1 design units, including 1 entities, in source file lab_2s.sv
    Info (12024): Found entity 1: lab_2s File: C:/Users/Dima/Desktop/CR_1/lab_3s/lab_2s.sv Line: 1
Info (12024): Found 1 design units, including 1 entities, in source file fsm.sv
    Info (12024): Found entity 1: FSM File: C:/Users/Dima/Desktop/CR_1/lab_3s/FSM.sv Line: 1
Info (12024): Found 1 design units, including 1 entities, in source file dig_rg.sv
    Info (12024): Found entity 1: dig_rg File: C:/Users/Dima/Desktop/CR_1/lab_3s/dig_rg.sv Line: 1
Info (12024): Found 1 design units, including 1 entities, in source file d_rg.sv
    Info (12024): Found entity 1: d_rg File: C:/Users/Dima/Desktop/CR_1/lab_3s/d_rg.sv Line: 1
Info (12024): Found 1 design units, including 1 entities, in source file b2ss.sv
    Info (12024): Found entity 1: b2ss File: C:/Users/Dima/Desktop/CR_1/lab_3s/b2ss.sv Line: 1
Info (12024): Found 1 design units, including 1 entities, in source file b2bd_sr.sv
    Info (12024): Found entity 1: b2bd_SR File: C:/Users/Dima/Desktop/CR_1/lab_3s/b2bd_SR.sv Line: 1
Info (12024): Found 1 design units, including 1 entities, in source file lab_3s.sv
    Info (12024): Found entity 1: lab_3s File: C:/Users/Dima/Desktop/CR_1/lab_3s/lab_3s.sv Line: 1
Info (12127): Elaborating entity "lab_3s" for the top level hierarchy
Info (12128): Elaborating entity "b2bd_SR" for hierarchy "b2bd_SR:UTT_SR" File: C:/Users/Dima/Desktop/CR_1/lab_3s/lab_3s.sv Line: 13
Info (12128): Elaborating entity "ss_cntr" for hierarchy "ss_cntr:ss_cntr" File: C:/Users/Dima/Desktop/CR_1/lab_3s/lab_3s.sv Line: 16
Warning (12125): Using design file rst_reg.sv, which is not specified as a design file for the current project, but contains definitions for 1 design units and 1 entities in project
    Info (12024): Found entity 1: rst_reg File: C:/Users/Dima/Desktop/CR_1/lab_3s/rst_reg.sv Line: 1
Info (12128): Elaborating entity "rst_reg" for hierarchy "ss_cntr:ss_cntr|rst_reg:reset_rg" File: C:/Users/Dima/Desktop/CR_1/lab_3s/ss_cntr.sv Line: 15
Warning (12125): Using design file cnt_div.sv, which is not specified as a design file for the current project, but contains definitions for 1 design units and 1 entities in project
    Info (12024): Found entity 1: cnt_div File: C:/Users/Dima/Desktop/CR_1/lab_3s/cnt_div.sv Line: 1
Info (12128): Elaborating entity "cnt_div" for hierarchy "ss_cntr:ss_cntr|cnt_div:counter_div" File: C:/Users/Dima/Desktop/CR_1/lab_3s/ss_cntr.sv Line: 18
Info (12128): Elaborating entity "d_rg" for hierarchy "ss_cntr:ss_cntr|d_rg:data_reg" File: C:/Users/Dima/Desktop/CR_1/lab_3s/ss_cntr.sv Line: 20
Info (12128): Elaborating entity "FSM" for hierarchy "ss_cntr:ss_cntr|FSM:fsm" File: C:/Users/Dima/Desktop/CR_1/lab_3s/ss_cntr.sv Line: 23
Info (12128): Elaborating entity "MUX" for hierarchy "ss_cntr:ss_cntr|MUX:mux2" File: C:/Users/Dima/Desktop/CR_1/lab_3s/ss_cntr.sv Line: 26
Info (12128): Elaborating entity "b2ss" for hierarchy "ss_cntr:ss_cntr|b2ss:binTo7Seg" File: C:/Users/Dima/Desktop/CR_1/lab_3s/ss_cntr.sv Line: 28
Warning (10030): Net "seg_arr.data_a" at b2ss.sv(5) has no driver or initial value, using a default initial value '0' File: C:/Users/Dima/Desktop/CR_1/lab_3s/b2ss.sv Line: 5
Warning (10030): Net "seg_arr.waddr_a" at b2ss.sv(5) has no driver or initial value, using a default initial value '0' File: C:/Users/Dima/Desktop/CR_1/lab_3s/b2ss.sv Line: 5
Warning (10030): Net "seg_arr.we_a" at b2ss.sv(5) has no driver or initial value, using a default initial value '0' File: C:/Users/Dima/Desktop/CR_1/lab_3s/b2ss.sv Line: 5
Info (12128): Elaborating entity "ss_rg" for hierarchy "ss_cntr:ss_cntr|ss_rg:seg_reg" File: C:/Users/Dima/Desktop/CR_1/lab_3s/ss_cntr.sv Line: 31
Info (12128): Elaborating entity "dig_rg" for hierarchy "ss_cntr:ss_cntr|dig_rg:dig_reg" File: C:/Users/Dima/Desktop/CR_1/lab_3s/ss_cntr.sv Line: 33
Info (276014): Found 1 instances of uninferred RAM logic
    Info (276004): RAM logic "ss_cntr:ss_cntr|b2ss:binTo7Seg|seg_arr" is uninferred due to inappropriate RAM size File: C:/Users/Dima/Desktop/CR_1/lab_3s/b2ss.sv Line: 5
Info (286030): Timing-Driven Synthesis is running
Info (17049): 2 registers lost all their fanouts during netlist optimizations.
Info (144001): Generated suppressed messages file C:/Users/Dima/Desktop/CR_1/lab_3s/output_files/lab_3s.map.smsg
Info (16010): Generating hard_block partition "hard_block:auto_generated_inst"
    Info (16011): Adding 0 node(s), including 0 DDIO, 0 PLL, 0 transceiver and 0 LCELL
Info (21057): Implemented 149 device resources after synthesis - the final resource count might be different
    Info (21058): Implemented 9 input pins
    Info (21059): Implemented 11 output pins
    Info (21061): Implemented 129 logic cells
Info: Quartus Prime Analysis & Synthesis was successful. 0 errors, 7 warnings
    Info: Peak virtual memory: 4814 megabytes
    Info: Processing ended: Mon Apr 22 23:21:42 2024
    Info: Elapsed time: 00:00:14
    Info: Total CPU time (on all processors): 00:00:29


+------------------------------------------+
; Analysis & Synthesis Suppressed Messages ;
+------------------------------------------+
The suppressed messages can be found in C:/Users/Dima/Desktop/CR_1/lab_3s/output_files/lab_3s.map.smsg.


